2018-08-22 12:35:08,010 INFO  [default] ack received: 3
2018-08-22 12:35:08,010 INFO  [default] supports data link messages
2018-08-22 12:35:08,155 INFO  [default] ack received: 1
2018-08-22 12:35:08,257 INFO  [default] message type supported received: 3
2018-08-22 12:35:08,258 INFO  [default] max payload response received
2018-08-22 12:35:08,444 INFO  [default] ack received: 4
2018-08-22 12:35:08,444 INFO  [default] supports intermediate messages
2018-08-22 12:35:08,546 INFO  [default] startup complete
2018-08-22 12:35:08,589 INFO  [default] ack received: 0
2018-08-22 12:35:09,218 WARN  [default] incomplete message received: 20
2018-08-22 12:35:09,404 INFO  [default] ack received: 13
2018-08-22 12:35:09,507 INFO  [default] operational state received 0
2018-08-22 12:35:09,693 INFO  [default] ack received: 7
2018-08-22 12:35:09,796 INFO  [default] app nak received
2018-08-22 12:35:13,690 INFO  [default] ack received: 16
2018-08-22 12:35:13,816 INFO  [default] message type supported received: 2
2018-08-22 12:35:13,818 INFO  [default] commodity response received.  count: 3
2018-08-22 12:35:13,820 INFO  [default] commodity data: 0
2018-08-22 12:35:13,821 INFO  [default]         code: 0
2018-08-22 12:35:13,822 INFO  [default]   cumulative: 7907
2018-08-22 12:35:13,822 INFO  [default]    inst rate: 0
2018-08-22 12:35:13,822 INFO  [default] commodity data: 1
2018-08-22 12:35:13,822 INFO  [default]         code: 6
2018-08-22 12:35:13,822 INFO  [default]   cumulative: 0
2018-08-22 12:35:13,823 INFO  [default]    inst rate: 0
2018-08-22 12:35:13,823 INFO  [default] commodity data: 2
2018-08-22 12:35:13,823 INFO  [default]         code: 7
2018-08-22 12:35:13,823 INFO  [default]   cumulative: 0
2018-08-22 12:35:13,823 INFO  [default]    inst rate: 0
2018-08-22 12:35:14,010 INFO  [default] ack received: 13
2018-08-22 12:35:14,113 INFO  [default] operational state received 0
2018-08-22 12:35:14,299 INFO  [default] ack received: 6
2018-08-22 12:35:14,403 INFO  [default] app nak received
2018-08-22 12:37:08,939 INFO  [default] ack received: 3
2018-08-22 12:37:08,943 INFO  [default] supports data link messages
2018-08-22 12:37:09,089 INFO  [default] ack received: 1
2018-08-22 12:37:09,192 INFO  [default] message type supported received: 3
2018-08-22 12:37:09,193 INFO  [default] max payload response received
2018-08-22 12:37:09,378 INFO  [default] ack received: 4
2018-08-22 12:37:09,378 INFO  [default] supports intermediate messages
2018-08-22 12:37:09,482 INFO  [default] startup complete
2018-08-22 12:37:09,524 INFO  [default] ack received: 0
2018-08-22 12:37:10,152 WARN  [default] incomplete message received: 19
2018-08-22 12:37:10,338 INFO  [default] ack received: 13
2018-08-22 12:37:10,442 INFO  [default] operational state received 0
2018-08-22 12:37:10,628 INFO  [default] ack received: 7
2018-08-22 12:37:10,731 INFO  [default] app nak received
2018-08-22 12:37:14,625 INFO  [default] ack received: 16
2018-08-22 12:37:14,749 INFO  [default] message type supported received: 2
2018-08-22 12:37:14,750 INFO  [default] commodity response received.  count: 3
2018-08-22 12:37:14,750 INFO  [default] commodity data: 0
2018-08-22 12:37:14,750 INFO  [default]         code: 0
2018-08-22 12:37:14,750 INFO  [default]   cumulative: 7907
2018-08-22 12:37:14,750 INFO  [default]    inst rate: 0
2018-08-22 12:37:14,750 INFO  [default] commodity data: 1
2018-08-22 12:37:14,750 INFO  [default]         code: 6
2018-08-22 12:37:14,750 INFO  [default]   cumulative: 0
2018-08-22 12:37:14,750 INFO  [default]    inst rate: 0
2018-08-22 12:37:14,750 INFO  [default] commodity data: 2
2018-08-22 12:37:14,750 INFO  [default]         code: 7
2018-08-22 12:37:14,750 INFO  [default]   cumulative: 0
2018-08-22 12:37:14,750 INFO  [default]    inst rate: 0
2018-08-22 12:37:14,940 INFO  [default] ack received: 13
2018-08-22 12:37:15,042 INFO  [default] operational state received 0
2018-08-22 12:37:15,229 INFO  [default] ack received: 6
2018-08-22 12:37:15,333 INFO  [default] app nak received
2018-08-22 12:37:16,320 FATAL [default] CRASH HANDLED; Application has crashed due to [SIGINT] signal
2018-08-22 12:37:16,321 WARN  [default] Aborting application. Reason: Fatal log at [src/include/easylogging++.h:5583]
2018-08-22 12:39:26,226 INFO  [default] ack received: 3
2018-08-22 12:39:26,227 INFO  [default] supports data link messages
2018-08-22 12:39:26,376 INFO  [default] ack received: 1
2018-08-22 12:39:26,479 INFO  [default] message type supported received: 3
2018-08-22 12:39:26,480 INFO  [default] max payload response received
2018-08-22 12:39:26,665 INFO  [default] ack received: 4
2018-08-22 12:39:26,665 INFO  [default] supports intermediate messages
2018-08-22 12:39:26,768 INFO  [default] startup complete
2018-08-22 12:39:26,811 INFO  [default] ack received: 0
2018-08-22 12:39:27,439 WARN  [default] incomplete message received: 22
2018-08-22 12:39:27,624 INFO  [default] ack received: 13
2018-08-22 12:39:27,728 INFO  [default] operational state received 0
2018-08-22 12:39:27,913 INFO  [default] ack received: 7
2018-08-22 12:39:28,017 INFO  [default] app nak received
2018-08-22 12:39:31,910 INFO  [default] ack received: 16
2018-08-22 12:39:32,036 INFO  [default] message type supported received: 2
2018-08-22 12:39:32,037 INFO  [default] commodity response received.  count: 3
2018-08-22 12:39:32,038 INFO  [default] commodity data: 0
2018-08-22 12:39:32,038 INFO  [default]         code: 0
2018-08-22 12:39:32,038 INFO  [default]   cumulative: 7907
2018-08-22 12:39:32,038 INFO  [default]    inst rate: 0
2018-08-22 12:39:32,039 INFO  [default] commodity data: 1
2018-08-22 12:39:32,039 INFO  [default]         code: 6
2018-08-22 12:39:32,039 INFO  [default]   cumulative: 0
2018-08-22 12:39:32,039 INFO  [default]    inst rate: 0
2018-08-22 12:39:32,039 INFO  [default] commodity data: 2
2018-08-22 12:39:32,040 INFO  [default]         code: 7
2018-08-22 12:39:32,040 INFO  [default]   cumulative: 0
2018-08-22 12:39:32,040 INFO  [default]    inst rate: 0
2018-08-22 12:39:32,225 INFO  [default] ack received: 13
2018-08-22 12:39:32,329 INFO  [default] operational state received 0
2018-08-22 12:39:32,514 INFO  [default] ack received: 7
2018-08-22 12:39:32,618 INFO  [default] app nak received
2018-08-22 12:39:36,911 INFO  [default] ack received: 16
2018-08-22 12:39:37,037 INFO  [default] message type supported received: 2
2018-08-22 12:39:37,038 INFO  [default] commodity response received.  count: 3
2018-08-22 12:39:37,038 INFO  [default] commodity data: 0
2018-08-22 12:39:37,038 INFO  [default]         code: 0
2018-08-22 12:39:37,039 INFO  [default]   cumulative: 7907
2018-08-22 12:39:37,039 INFO  [default]    inst rate: 0
2018-08-22 12:39:37,039 INFO  [default] commodity data: 1
2018-08-22 12:39:37,039 INFO  [default]         code: 6
2018-08-22 12:39:37,039 INFO  [default]   cumulative: 0
2018-08-22 12:39:37,040 INFO  [default]    inst rate: 0
2018-08-22 12:39:37,040 INFO  [default] commodity data: 2
2018-08-22 12:39:37,040 INFO  [default]         code: 7
2018-08-22 12:39:37,040 INFO  [default]   cumulative: 0
2018-08-22 12:39:37,040 INFO  [default]    inst rate: 0
2018-08-22 12:39:37,226 INFO  [default] ack received: 13
2018-08-22 12:39:37,329 INFO  [default] operational state received 0
2018-08-22 12:39:37,515 INFO  [default] ack received: 7
2018-08-22 12:39:37,619 INFO  [default] app nak received
2018-08-22 12:39:39,680 FATAL [default] CRASH HANDLED; Application has crashed due to [SIGINT] signal
2018-08-22 12:39:39,680 WARN  [default] Aborting application. Reason: Fatal log at [src/include/easylogging++.h:5583]
